2023-05-27 00:27:33,259 INFO Client [main] Клиент запущен.
2023-05-27 00:27:33,286 INFO r.RequestBuilder [main] Создан запрос: ready.
2023-05-27 00:27:33,358 INFO Client [main] Список команд получен.
2023-05-27 00:27:34,543 INFO r.RequestBuilder [main] Создан запрос: add.
2023-05-27 00:27:34,576 INFO r.RequestBuilder [main] Создан запрос: show.
2023-05-27 00:27:34,610 INFO r.RequestBuilder [main] Создан запрос: shuffle.
2023-05-27 00:27:34,614 INFO r.RequestBuilder [main] Создан запрос: sort.
2023-05-27 00:27:34,625 INFO r.RequestBuilder [main] Создан запрос: execute_script /Users/vedz.evgn/Documents/Программирование/lab6/Client/src/main/java/data/script.txt.
2023-05-27 00:27:37,627 INFO l.c.ConsoleManager [main] Получен ответ.
2023-05-27 00:28:43,181 INFO Client [main] Клиент запущен.
2023-05-27 00:28:43,189 INFO r.RequestBuilder [main] Создан запрос: ready.
2023-05-27 00:28:43,245 INFO Client [main] Список команд получен.
2023-05-27 00:28:45,108 INFO r.RequestBuilder [main] Создан запрос: add.
2023-05-27 00:28:45,131 INFO r.RequestBuilder [main] Создан запрос: show.
2023-05-27 00:28:45,154 INFO r.RequestBuilder [main] Создан запрос: shuffle.
2023-05-27 00:28:45,158 INFO r.RequestBuilder [main] Создан запрос: sort.
2023-05-27 00:28:45,165 INFO r.RequestBuilder [main] Создан запрос: execute_script /Users/vedz.evgn/Documents/Программирование/lab6/Client/src/main/java/data/script.txt.
2023-05-27 00:28:48,167 INFO l.c.ConsoleManager [main] Получен ответ.
2023-05-27 00:29:10,767 INFO Client [main] Клиент запущен.
2023-05-27 00:29:10,777 INFO r.RequestBuilder [main] Создан запрос: ready.
2023-05-27 00:29:10,821 INFO Client [main] Список команд получен.
2023-05-27 00:29:43,642 INFO r.RequestBuilder [main] Создан запрос: add.
2023-05-27 00:29:52,058 INFO r.RequestBuilder [main] Создан запрос: show.
2023-05-27 00:29:59,173 INFO r.RequestBuilder [main] Создан запрос: shuffle.
2023-05-27 00:30:07,652 INFO r.RequestBuilder [main] Создан запрос: sort.
2023-05-27 00:31:49,308 INFO r.RequestBuilder [main] Создан запрос: execute_script /Users/vedz.evgn/Documents/Программирование/lab6/Client/src/main/java/data/script.txt.
2023-05-27 00:32:02,440 INFO l.c.ConsoleManager [main] Получен ответ.
2023-05-27 00:32:23,475 INFO Client [main] Клиент запущен.
2023-05-27 00:32:23,485 INFO r.RequestBuilder [main] Создан запрос: ready.
2023-05-27 00:32:23,536 INFO Client [main] Список команд получен.
2023-05-27 00:32:25,087 INFO r.RequestBuilder [main] Создан запрос: if(count > 10) {.
2023-05-27 00:32:25,099 INFO l.c.ConsoleManager [main] Получен ответ.
2023-05-27 00:32:25,100 INFO r.RequestBuilder [main] Создан запрос:                         toStop = true;.
2023-05-27 00:32:25,104 INFO l.c.ConsoleManager [main] Получен ответ.
2023-05-27 00:32:25,105 INFO r.RequestBuilder [main] Создан запрос:                         System.out.println("Достигнут максимальный уровень рекурсии.");.
2023-05-27 00:32:25,108 INFO l.c.ConsoleManager [main] Получен ответ.
2023-05-27 00:32:25,109 INFO r.RequestBuilder [main] Создан запрос:                         return;.
2023-05-27 00:32:25,113 INFO l.c.ConsoleManager [main] Получен ответ.
2023-05-27 00:32:48,163 INFO r.RequestBuilder [main] Создан запрос:                     }execute_script /Users/vedz.evgn/Documents/Программирование/lab6/Client/src/main/java/data/script.txt.
2023-05-27 00:32:51,164 INFO l.c.ConsoleManager [main] Получен ответ.
2023-05-27 00:32:58,979 INFO Client [main] Клиент запущен.
2023-05-27 00:32:58,991 INFO r.RequestBuilder [main] Создан запрос: ready.
2023-05-27 00:33:02,009 INFO Client [main] Список команд получен.
2023-05-27 00:33:20,698 INFO Client [main] Клиент запущен.
2023-05-27 00:33:20,706 INFO r.RequestBuilder [main] Создан запрос: ready.
2023-05-27 00:33:20,749 INFO Client [main] Список команд получен.
2023-05-27 00:33:21,988 INFO r.RequestBuilder [main] Создан запрос: .
2023-05-27 00:33:24,990 INFO l.c.ConsoleManager [main] Получен ответ.
2023-05-27 00:33:47,370 INFO Client [main] Клиент запущен.
2023-05-27 00:33:47,382 INFO r.RequestBuilder [main] Создан запрос: ready.
2023-05-27 00:33:47,429 INFO Client [main] Список команд получен.
2023-05-27 00:33:48,491 INFO r.RequestBuilder [main] Создан запрос: .
2023-05-27 00:33:51,493 INFO l.c.ConsoleManager [main] Получен ответ.
2023-05-27 00:47:38,004 INFO Client [main] Клиент запущен.
2023-05-27 00:47:38,015 INFO r.RequestBuilder [main] Создан запрос: ready.
2023-05-27 00:47:38,066 INFO Client [main] Список команд получен.
2023-05-27 00:47:39,940 INFO r.RequestBuilder [main] Создан запрос: show.
2023-05-27 00:47:39,968 INFO l.c.ConsoleManager [main] Получен ответ.
2023-05-27 00:47:45,591 INFO l.c.ConsoleManager [main] Получен ответ.
2023-05-27 00:50:22,852 INFO Client [main] Клиент запущен.
2023-05-27 00:50:22,861 INFO r.RequestBuilder [main] Создан запрос: ready.
2023-05-27 00:50:22,906 INFO Client [main] Список команд получен.
2023-05-27 00:50:24,517 INFO r.RequestBuilder [main] Создан запрос: show.
2023-05-27 00:50:24,545 INFO l.c.ConsoleManager [main] Получен ответ.
2023-05-27 00:50:43,965 INFO r.RequestBuilder [main] Создан запрос: shuffle.
2023-05-27 00:50:43,969 INFO l.c.ConsoleManager [main] Получен ответ.
2023-05-27 00:50:46,578 INFO r.RequestBuilder [main] Создан запрос: sort.
2023-05-27 00:50:46,583 INFO l.c.ConsoleManager [main] Получен ответ.
2023-05-27 00:50:56,618 INFO r.RequestBuilder [main] Создан запрос: add.
2023-05-27 00:50:56,634 INFO l.c.ConsoleManager [main] Получен ответ.
2023-05-27 00:51:03,299 INFO r.RequestBuilder [main] Создан запрос: remove_by_id 6.
2023-05-27 00:51:03,304 INFO l.c.ConsoleManager [main] Получен ответ.
2023-05-27 00:52:32,514 INFO Client [main] Клиент запущен.
2023-05-27 00:52:32,524 INFO r.RequestBuilder [main] Создан запрос: ready.
2023-05-27 00:52:32,570 INFO Client [main] Список команд получен.
2023-05-27 00:52:42,319 INFO r.RequestBuilder [main] Создан запрос: add.
2023-05-27 00:52:42,343 INFO l.c.ConsoleManager [main] Получен ответ.
2023-05-27 00:52:47,984 INFO r.RequestBuilder [main] Создан запрос: show.
2023-05-27 00:52:48,006 INFO l.c.ConsoleManager [main] Получен ответ.
2023-05-27 00:52:51,972 INFO r.RequestBuilder [main] Создан запрос: sort.
2023-05-27 00:52:51,976 INFO l.c.ConsoleManager [main] Получен ответ.
2023-05-27 00:53:40,946 INFO Client [main] Клиент запущен.
2023-05-27 00:53:40,958 INFO r.RequestBuilder [main] Создан запрос: ready.
2023-05-27 00:53:41,014 INFO Client [main] Список команд получен.
2023-05-27 00:53:47,357 INFO r.RequestBuilder [main] Создан запрос: sort.
2023-05-27 00:53:47,363 INFO l.c.ConsoleManager [main] Получен ответ.
2023-05-27 00:53:49,488 INFO r.RequestBuilder [main] Создан запрос: show.
2023-05-27 00:53:49,510 INFO l.c.ConsoleManager [main] Получен ответ.
2023-05-27 00:53:58,434 INFO r.RequestBuilder [main] Создан запрос: info.
2023-05-27 00:53:58,441 INFO l.c.ConsoleManager [main] Получен ответ.
2023-05-27 00:54:12,892 INFO r.RequestBuilder [main] Создан запрос: update 5.
2023-05-27 00:54:26,757 INFO r.RequestBuilder [main] Создан запрос: update 5.
2023-05-27 00:54:29,775 INFO l.c.ConsoleManager [main] Получен ответ.
2023-05-27 00:57:12,139 INFO Client [main] Клиент запущен.
2023-05-27 00:57:12,150 INFO r.RequestBuilder [main] Создан запрос: ready.
2023-05-27 00:57:12,209 INFO Client [main] Список команд получен.
2023-05-27 00:57:45,420 INFO r.RequestBuilder [main] Создан запрос: update 4.
2023-05-27 00:58:33,164 INFO r.RequestBuilder [main] Создан запрос: update 4.
2023-05-27 00:58:52,894 INFO l.ConsoleManager [main] Получен ответ.
2023-05-27 00:59:27,508 INFO Client [main] Клиент запущен.
2023-05-27 00:59:27,521 INFO r.RequestBuilder [main] Создан запрос: ready.
2023-05-27 00:59:30,538 INFO Client [main] Список команд получен.
2023-05-27 00:59:38,545 INFO Client [main] Клиент запущен.
2023-05-27 00:59:38,556 INFO r.RequestBuilder [main] Создан запрос: ready.
2023-05-27 00:59:38,612 INFO Client [main] Список команд получен.
2023-05-27 00:59:49,910 INFO r.RequestBuilder [main] Создан запрос: update 4.
2023-05-27 01:00:04,802 INFO r.RequestBuilder [main] Создан запрос: update 4.
2023-05-27 01:01:14,115 INFO Client [main] Клиент запущен.
2023-05-27 01:01:14,122 INFO r.RequestBuilder [main] Создан запрос: ready.
2023-05-27 01:01:14,171 INFO Client [main] Список команд получен.
2023-05-27 01:01:16,742 INFO r.RequestBuilder [main] Создан запрос: update 4.
2023-05-27 01:01:23,017 INFO r.RequestBuilder [main] Создан запрос: update 4.
2023-05-27 01:04:40,450 INFO r.RequestBuilder [main] Создан запрос: show.
2023-05-27 01:04:40,511 INFO l.ConsoleManager [main] Получен ответ.
2023-05-27 01:04:42,604 INFO r.RequestBuilder [main] Создан запрос: info.
2023-05-27 01:04:42,612 INFO l.ConsoleManager [main] Получен ответ.
2023-05-27 01:05:01,177 INFO r.RequestBuilder [main] Создан запрос: info.
2023-05-27 01:05:01,181 INFO l.ConsoleManager [main] Получен ответ.
2023-05-27 01:05:53,519 INFO Client [main] Клиент запущен.
2023-05-27 01:05:53,527 INFO r.RequestBuilder [main] Создан запрос: ready.
2023-05-27 01:05:56,538 INFO Client [main] Список команд получен.
2023-05-27 01:06:09,833 INFO Client [main] Клиент запущен.
2023-05-27 01:06:09,843 INFO r.RequestBuilder [main] Создан запрос: ready.
2023-05-27 01:06:09,897 INFO Client [main] Список команд получен.
2023-05-27 01:06:12,146 INFO r.RequestBuilder [main] Создан запрос: 12.
2023-05-27 01:06:12,154 INFO l.ConsoleManager [main] Получен ответ.
2023-05-27 01:06:13,702 INFO r.RequestBuilder [main] Создан запрос: 12.
2023-05-27 01:06:13,705 INFO l.ConsoleManager [main] Получен ответ.
2023-05-27 01:06:20,294 INFO r.RequestBuilder [main] Создан запрос: 12.
2023-05-27 01:06:20,298 INFO l.ConsoleManager [main] Получен ответ.
