2023-05-27 00:27:27,731 INFO Server [main] Сервер запущен.
2023-05-27 00:27:27,845 INFO c.Receiver [main] Receiver инициализорован.
2023-05-27 00:27:27,876 INFO c.Invoker [main] Invoker инициализирован.
2023-05-27 00:27:27,877 INFO Server [main] Invoker и Receiver запущены.
2023-05-27 00:27:33,344 INFO Server [main] Список команд отправлен.
2023-05-27 00:27:34,562 INFO Server [main] Получена команда: add.
2023-05-27 00:27:34,563 INFO c.Invoker [main] Проверка команды.
2023-05-27 00:27:34,563 INFO c.Invoker [main] Запуск выполнения команды.
2023-05-27 00:27:34,563 INFO c.Receiver [main] Принят объект: name.
2023-05-27 00:27:34,570 INFO r.ResponseBuilder [main] Создан ответ.
2023-05-27 00:27:34,577 INFO Server [main] Получена команда: show.
2023-05-27 00:27:34,577 INFO c.Invoker [main] Проверка команды.
2023-05-27 00:27:34,578 INFO c.Invoker [main] Запуск выполнения команды.
2023-05-27 00:27:34,606 INFO r.ResponseBuilder [main] Создан ответ.
2023-05-27 00:27:34,611 INFO Server [main] Получена команда: shuffle.
2023-05-27 00:27:34,612 INFO c.Invoker [main] Проверка команды.
2023-05-27 00:27:34,612 INFO c.Invoker [main] Запуск выполнения команды.
2023-05-27 00:27:34,612 INFO r.ResponseBuilder [main] Создан ответ.
2023-05-27 00:27:34,615 INFO Server [main] Получена команда: sort.
2023-05-27 00:27:34,616 INFO c.Invoker [main] Проверка команды.
2023-05-27 00:27:34,616 INFO c.Invoker [main] Запуск выполнения команды.
2023-05-27 00:27:34,617 INFO r.ResponseBuilder [main] Создан ответ.
2023-05-27 00:28:38,343 INFO Server [main] Сервер запущен.
2023-05-27 00:28:38,403 INFO c.Receiver [main] Receiver инициализорован.
2023-05-27 00:28:38,420 INFO c.Invoker [main] Invoker инициализирован.
2023-05-27 00:28:38,421 INFO Server [main] Invoker и Receiver запущены.
2023-05-27 00:28:43,233 INFO Server [main] Список команд отправлен.
2023-05-27 00:28:45,119 INFO Server [main] Получена команда: add.
2023-05-27 00:28:45,120 INFO c.Invoker [main] Проверка команды.
2023-05-27 00:28:45,120 INFO c.Invoker [main] Запуск выполнения команды.
2023-05-27 00:28:45,120 INFO c.Receiver [main] Принят объект: name.
2023-05-27 00:28:45,127 INFO r.ResponseBuilder [main] Создан ответ.
2023-05-27 00:28:45,132 INFO Server [main] Получена команда: show.
2023-05-27 00:28:45,132 INFO c.Invoker [main] Проверка команды.
2023-05-27 00:28:45,133 INFO c.Invoker [main] Запуск выполнения команды.
2023-05-27 00:28:45,152 INFO r.ResponseBuilder [main] Создан ответ.
2023-05-27 00:28:45,155 INFO Server [main] Получена команда: shuffle.
2023-05-27 00:28:45,155 INFO c.Invoker [main] Проверка команды.
2023-05-27 00:28:45,155 INFO c.Invoker [main] Запуск выполнения команды.
2023-05-27 00:28:45,157 INFO r.ResponseBuilder [main] Создан ответ.
2023-05-27 00:28:45,160 INFO Server [main] Получена команда: sort.
2023-05-27 00:28:45,160 INFO c.Invoker [main] Проверка команды.
2023-05-27 00:28:45,160 INFO c.Invoker [main] Запуск выполнения команды.
2023-05-27 00:28:45,161 INFO r.ResponseBuilder [main] Создан ответ.
2023-05-27 00:29:05,518 INFO Server [main] Сервер запущен.
2023-05-27 00:29:05,590 INFO c.Receiver [main] Receiver инициализорован.
2023-05-27 00:29:05,606 INFO c.Invoker [main] Invoker инициализирован.
2023-05-27 00:29:05,607 INFO Server [main] Invoker и Receiver запущены.
2023-05-27 00:29:10,812 INFO Server [main] Список команд отправлен.
2023-05-27 00:29:43,665 INFO Server [main] Получена команда: add.
2023-05-27 00:29:43,666 INFO c.Invoker [main] Проверка команды.
2023-05-27 00:29:43,666 INFO c.Invoker [main] Запуск выполнения команды.
2023-05-27 00:29:43,666 INFO c.Receiver [main] Принят объект: name.
2023-05-27 00:29:43,673 INFO r.ResponseBuilder [main] Создан ответ.
2023-05-27 00:29:52,059 INFO Server [main] Получена команда: show.
2023-05-27 00:29:52,060 INFO c.Invoker [main] Проверка команды.
2023-05-27 00:29:52,060 INFO c.Invoker [main] Запуск выполнения команды.
2023-05-27 00:29:52,079 INFO r.ResponseBuilder [main] Создан ответ.
2023-05-27 00:29:59,175 INFO Server [main] Получена команда: shuffle.
2023-05-27 00:29:59,175 INFO c.Invoker [main] Проверка команды.
2023-05-27 00:29:59,175 INFO c.Invoker [main] Запуск выполнения команды.
2023-05-27 00:29:59,176 INFO r.ResponseBuilder [main] Создан ответ.
2023-05-27 00:30:07,656 INFO Server [main] Получена команда: sort.
2023-05-27 00:30:07,657 INFO c.Invoker [main] Проверка команды.
2023-05-27 00:30:07,658 INFO c.Invoker [main] Запуск выполнения команды.
2023-05-27 00:30:07,660 INFO r.ResponseBuilder [main] Создан ответ.
2023-05-27 00:32:20,057 INFO Server [main] Сервер запущен.
2023-05-27 00:32:20,110 INFO c.Receiver [main] Receiver инициализорован.
2023-05-27 00:32:20,128 INFO c.Invoker [main] Invoker инициализирован.
2023-05-27 00:32:20,128 INFO Server [main] Invoker и Receiver запущены.
2023-05-27 00:32:23,518 INFO Server [main] Список команд отправлен.
2023-05-27 00:32:25,089 INFO Server [main] Получена команда: if(count > 10) {.
2023-05-27 00:32:25,090 INFO c.Invoker [main] Проверка команды.
2023-05-27 00:32:25,090 ERROR c.Invoker [main] Неизвестная команда: if(count.
2023-05-27 00:32:25,091 INFO r.ResponseBuilder [main] Создан ответ.
2023-05-27 00:32:25,101 INFO Server [main] Получена команда:                         toStop = true;.
2023-05-27 00:32:25,101 INFO c.Invoker [main] Проверка команды.
2023-05-27 00:32:25,102 ERROR c.Invoker [main] Неизвестная команда: .
2023-05-27 00:32:25,102 INFO r.ResponseBuilder [main] Создан ответ.
2023-05-27 00:32:25,106 INFO Server [main] Получена команда:                         System.out.println("Достигнут максимальный уровень рекурсии.");.
2023-05-27 00:32:25,107 INFO c.Invoker [main] Проверка команды.
2023-05-27 00:32:25,107 ERROR c.Invoker [main] Неизвестная команда: .
2023-05-27 00:32:25,107 INFO r.ResponseBuilder [main] Создан ответ.
2023-05-27 00:32:25,110 INFO Server [main] Получена команда:                         return;.
2023-05-27 00:32:25,111 INFO c.Invoker [main] Проверка команды.
2023-05-27 00:32:25,111 ERROR c.Invoker [main] Неизвестная команда: .
2023-05-27 00:32:25,111 INFO r.ResponseBuilder [main] Создан ответ.
2023-05-27 00:32:31,813 INFO Server [main] Сервер запущен.
2023-05-27 00:32:31,880 INFO c.Receiver [main] Receiver инициализорован.
2023-05-27 00:32:31,893 INFO c.Invoker [main] Invoker инициализирован.
2023-05-27 00:32:31,893 INFO Server [main] Invoker и Receiver запущены.
2023-05-27 00:33:10,858 INFO Server [main] Сервер запущен.
2023-05-27 00:33:10,913 INFO c.Receiver [main] Receiver инициализорован.
2023-05-27 00:33:10,926 INFO c.Invoker [main] Invoker инициализирован.
2023-05-27 00:33:10,927 INFO Server [main] Invoker и Receiver запущены.
2023-05-27 00:33:20,740 INFO Server [main] Список команд отправлен.
2023-05-27 00:33:21,991 INFO Server [main] Получена команда: .
2023-05-27 00:33:39,698 INFO Server [main] Сервер запущен.
2023-05-27 00:33:39,787 INFO c.Receiver [main] Receiver инициализорован.
2023-05-27 00:33:39,806 INFO c.Invoker [main] Invoker инициализирован.
2023-05-27 00:33:39,807 INFO Server [main] Invoker и Receiver запущены.
2023-05-27 00:33:47,421 INFO Server [main] Список команд отправлен.
2023-05-27 00:33:48,493 INFO Server [main] Получена команда: .
2023-05-27 00:47:34,097 INFO Server [main] Сервер запущен.
2023-05-27 00:47:34,163 INFO c.Receiver [main] Receiver инициализорован.
2023-05-27 00:47:34,181 INFO c.Invoker [main] Invoker инициализирован.
2023-05-27 00:47:34,182 INFO Server [main] Invoker и Receiver запущены.
2023-05-27 00:47:38,054 INFO Server [main] Список команд отправлен.
2023-05-27 00:47:39,943 INFO Server [main] Получена команда: show.
2023-05-27 00:47:39,944 INFO c.Invoker [main] Проверка команды.
2023-05-27 00:47:39,945 INFO c.Invoker [main] Запуск выполнения команды.
2023-05-27 00:47:39,963 INFO r.ResponseBuilder [main] Создан ответ.
2023-05-27 00:50:18,093 INFO Server [main] Сервер запущен.
2023-05-27 00:50:18,161 INFO c.Receiver [main] Receiver инициализорован.
2023-05-27 00:50:18,178 INFO c.Invoker [main] Invoker инициализирован.
2023-05-27 00:50:18,178 INFO Server [main] Invoker и Receiver запущены.
2023-05-27 00:50:22,897 INFO Server [main] Список команд отправлен.
2023-05-27 00:50:24,520 INFO Server [main] Получена команда: show.
2023-05-27 00:50:24,521 INFO c.Invoker [main] Проверка команды.
2023-05-27 00:50:24,522 INFO c.Invoker [main] Запуск выполнения команды.
2023-05-27 00:50:24,540 INFO r.ResponseBuilder [main] Создан ответ.
2023-05-27 00:50:43,966 INFO Server [main] Получена команда: shuffle.
2023-05-27 00:50:43,967 INFO c.Invoker [main] Проверка команды.
2023-05-27 00:50:43,967 INFO c.Invoker [main] Запуск выполнения команды.
2023-05-27 00:50:43,967 INFO r.ResponseBuilder [main] Создан ответ.
2023-05-27 00:50:46,580 INFO Server [main] Получена команда: sort.
2023-05-27 00:50:46,580 INFO c.Invoker [main] Проверка команды.
2023-05-27 00:50:46,580 INFO c.Invoker [main] Запуск выполнения команды.
2023-05-27 00:50:46,582 INFO r.ResponseBuilder [main] Создан ответ.
2023-05-27 00:50:56,629 INFO Server [main] Получена команда: add.
2023-05-27 00:50:56,630 INFO c.Invoker [main] Проверка команды.
2023-05-27 00:50:56,630 INFO c.Invoker [main] Запуск выполнения команды.
2023-05-27 00:50:56,630 INFO c.Receiver [main] Принят объект: name].
2023-05-27 00:50:56,633 INFO r.ResponseBuilder [main] Создан ответ.
2023-05-27 00:51:03,301 INFO Server [main] Получена команда: remove_by_id 6.
2023-05-27 00:51:03,301 INFO c.Invoker [main] Проверка команды.
2023-05-27 00:51:03,301 INFO c.Invoker [main] Запуск выполнения команды.
2023-05-27 00:51:03,303 INFO r.ResponseBuilder [main] Создан ответ.
2023-05-27 00:52:28,933 INFO Server [main] Сервер запущен.
2023-05-27 00:52:28,989 INFO c.Receiver [main] Receiver инициализорован.
2023-05-27 00:52:29,004 INFO c.Invoker [main] Invoker инициализирован.
2023-05-27 00:52:29,005 INFO Server [main] Invoker и Receiver запущены.
2023-05-27 00:52:32,559 INFO Server [main] Список команд отправлен.
2023-05-27 00:52:42,330 INFO Server [main] Получена команда: add.
2023-05-27 00:52:42,331 INFO c.Invoker [main] Проверка команды.
2023-05-27 00:52:42,331 INFO c.Invoker [main] Запуск выполнения команды.
2023-05-27 00:52:42,331 INFO c.Receiver [main] Принят объект: name.
2023-05-27 00:52:42,339 INFO r.ResponseBuilder [main] Создан ответ.
2023-05-27 00:52:47,986 INFO Server [main] Получена команда: show.
2023-05-27 00:52:47,986 INFO c.Invoker [main] Проверка команды.
2023-05-27 00:52:47,986 INFO c.Invoker [main] Запуск выполнения команды.
2023-05-27 00:52:48,004 INFO r.ResponseBuilder [main] Создан ответ.
2023-05-27 00:52:51,973 INFO Server [main] Получена команда: sort.
2023-05-27 00:52:51,974 INFO c.Invoker [main] Проверка команды.
2023-05-27 00:52:51,974 INFO c.Invoker [main] Запуск выполнения команды.
2023-05-27 00:52:51,974 INFO r.ResponseBuilder [main] Создан ответ.
2023-05-27 00:53:36,802 INFO Server [main] Сервер запущен.
2023-05-27 00:53:36,856 INFO c.Receiver [main] Receiver инициализорован.
2023-05-27 00:53:36,863 INFO c.Invoker [main] Invoker инициализирован.
2023-05-27 00:53:36,864 INFO Server [main] Invoker и Receiver запущены.
2023-05-27 00:53:41,001 INFO Server [main] Список команд отправлен.
2023-05-27 00:53:47,359 INFO Server [main] Получена команда: sort.
2023-05-27 00:53:47,359 INFO c.Invoker [main] Проверка команды.
2023-05-27 00:53:47,359 INFO c.Invoker [main] Запуск выполнения команды.
2023-05-27 00:53:47,360 INFO r.ResponseBuilder [main] Создан ответ.
2023-05-27 00:53:49,489 INFO Server [main] Получена команда: show.
2023-05-27 00:53:49,490 INFO c.Invoker [main] Проверка команды.
2023-05-27 00:53:49,490 INFO c.Invoker [main] Запуск выполнения команды.
2023-05-27 00:53:49,509 INFO r.ResponseBuilder [main] Создан ответ.
2023-05-27 00:53:58,436 INFO Server [main] Получена команда: info.
2023-05-27 00:53:58,436 INFO c.Invoker [main] Проверка команды.
2023-05-27 00:53:58,436 INFO c.Invoker [main] Запуск выполнения команды.
2023-05-27 00:53:58,440 INFO r.ResponseBuilder [main] Создан ответ.
2023-05-27 00:54:12,894 INFO Server [main] Получена команда: update 5.
2023-05-27 00:54:12,894 INFO c.Invoker [main] Проверка команды.
2023-05-27 00:54:12,894 INFO c.Invoker [main] Запуск выполнения команды.
2023-05-27 00:54:12,896 INFO r.ResponseBuilder [main] Создан ответ.
2023-05-27 00:54:26,770 INFO c.Receiver [main] Принят объект: name.
2023-05-27 00:54:26,773 INFO r.ResponseBuilder [main] Создан ответ.
2023-05-27 00:56:55,916 INFO Server [main] Сервер запущен.
2023-05-27 00:56:55,983 INFO c.Receiver [main] Receiver инициализорован.
2023-05-27 00:56:55,999 INFO c.Invoker [main] Invoker инициализирован.
2023-05-27 00:56:56,000 INFO Server [main] Invoker и Receiver запущены.
2023-05-27 00:57:12,196 INFO Server [main] Список команд отправлен.
2023-05-27 00:57:45,427 INFO Server [main] Получена команда: update 4.
2023-05-27 00:57:45,428 INFO c.Invoker [main] Проверка команды.
2023-05-27 00:57:45,428 INFO c.Invoker [main] Запуск выполнения команды.
2023-05-27 00:57:45,430 INFO r.ResponseBuilder [main] Создан ответ.
2023-05-27 00:58:33,227 INFO c.Receiver [main] Принят объект: name.
2023-05-27 00:58:33,266 INFO r.ResponseBuilder [main] Создан ответ.
2023-05-27 00:59:30,613 INFO Server [main] Сервер запущен.
2023-05-27 00:59:30,714 INFO c.Receiver [main] Receiver инициализорован.
2023-05-27 00:59:30,730 INFO c.Invoker [main] Invoker инициализирован.
2023-05-27 00:59:30,731 INFO Server [main] Invoker и Receiver запущены.
2023-05-27 00:59:38,599 INFO Server [main] Список команд отправлен.
2023-05-27 00:59:49,912 INFO Server [main] Получена команда: update 4.
2023-05-27 00:59:49,914 INFO c.Invoker [main] Проверка команды.
2023-05-27 00:59:49,915 INFO c.Invoker [main] Запуск выполнения команды.
2023-05-27 00:59:49,917 INFO r.ResponseBuilder [main] Создан ответ.
2023-05-27 01:00:04,828 INFO c.Receiver [main] Принят объект: name.
2023-05-27 01:00:04,840 INFO r.ResponseBuilder [main] Создан ответ.
2023-05-27 01:01:09,503 INFO Server [main] Сервер запущен.
2023-05-27 01:01:09,637 INFO c.Receiver [main] Receiver инициализорован.
2023-05-27 01:01:09,659 INFO c.Invoker [main] Invoker инициализирован.
2023-05-27 01:01:09,660 INFO Server [main] Invoker и Receiver запущены.
2023-05-27 01:01:14,162 INFO Server [main] Список команд отправлен.
2023-05-27 01:01:16,744 INFO Server [main] Получена команда: update 4.
2023-05-27 01:01:16,745 INFO c.Invoker [main] Проверка команды.
2023-05-27 01:01:16,745 INFO c.Invoker [main] Запуск выполнения команды.
2023-05-27 01:01:16,747 INFO r.ResponseBuilder [main] Создан ответ.
2023-05-27 01:01:23,031 INFO c.Receiver [main] Принят объект: name.
2023-05-27 01:01:23,038 INFO r.ResponseBuilder [main] Создан ответ.
2023-05-27 01:04:40,466 INFO Server [main] Получена команда: show.
2023-05-27 01:04:40,469 INFO c.Invoker [main] Проверка команды.
2023-05-27 01:04:40,469 INFO c.Invoker [main] Запуск выполнения команды.
2023-05-27 01:04:40,505 INFO r.ResponseBuilder [main] Создан ответ.
2023-05-27 01:04:42,605 INFO Server [main] Получена команда: info.
2023-05-27 01:04:42,605 INFO c.Invoker [main] Проверка команды.
2023-05-27 01:04:42,606 INFO c.Invoker [main] Запуск выполнения команды.
2023-05-27 01:04:42,611 INFO r.ResponseBuilder [main] Создан ответ.
2023-05-27 01:05:01,178 INFO Server [main] Получена команда: info.
2023-05-27 01:05:01,179 INFO c.Invoker [main] Проверка команды.
2023-05-27 01:05:01,179 INFO c.Invoker [main] Запуск выполнения команды.
2023-05-27 01:05:01,180 INFO r.ResponseBuilder [main] Создан ответ.
2023-05-27 01:06:06,065 INFO Server [main] Сервер запущен.
2023-05-27 01:06:06,138 INFO c.Receiver [main] Receiver инициализорован.
2023-05-27 01:06:06,155 INFO c.Invoker [main] Invoker инициализирован.
2023-05-27 01:06:06,155 INFO Server [main] Invoker и Receiver запущены.
2023-05-27 01:06:09,885 INFO Server [main] Список команд отправлен.
2023-05-27 01:06:12,148 INFO Server [main] Получена команда: 12.
2023-05-27 01:06:12,149 INFO c.Invoker [main] Проверка команды.
2023-05-27 01:06:12,150 ERROR c.Invoker [main] Неизвестная команда: 12.
2023-05-27 01:06:12,150 INFO r.ResponseBuilder [main] Создан ответ.
2023-05-27 01:06:13,703 INFO Server [main] Получена команда: 12.
2023-05-27 01:06:13,703 INFO c.Invoker [main] Проверка команды.
2023-05-27 01:06:13,703 ERROR c.Invoker [main] Неизвестная команда: 12.
2023-05-27 01:06:13,703 INFO r.ResponseBuilder [main] Создан ответ.
2023-05-27 01:06:20,295 INFO Server [main] Получена команда: 12.
2023-05-27 01:06:20,296 INFO c.Invoker [main] Проверка команды.
2023-05-27 01:06:20,296 ERROR c.Invoker [main] Неизвестная команда: 12.
2023-05-27 01:06:20,297 INFO r.ResponseBuilder [main] Создан ответ.
